<?xml version="1.0" encoding="UTF-8"?>
<testsuite xmlns:xsi="http://www.w3.org/2001/XMLSchema-instance" xsi:noNamespaceSchemaLocation="https://maven.apache.org/surefire/maven-surefire-plugin/xsd/surefire-test-report-3.0.xsd" version="3.0" name="resources.TestRunner" time="6.619" tests="2" errors="0" skipped="0" failures="0">
  <properties>
[...]
</properties>
  <testcase name="Add a Place through Api and Validate that place is added" classname="Add a Place" time="5.09">
    <system-out><![CDATA[517bd371c9df9c340e9f9ce647fc3aa8
Rabina
]]></system-out>
  </testcase>
  <testcase name="Delete Place Api" classname="Add a Place" time="1.193"/>
</testsuite>